2019-06-04 11:42:48,939 INFO: URL: https://www.bild.de/
2019-06-04 11:42:49,082 INFO: Title page: Aktuelle Nachrichten - Bild.de
2019-06-04 11:42:49,649 INFO: Number of Taboola ads found: 1
2019-06-04 11:42:49,650 INFO: Ad title: Unfassbar, wie viele Kilometer der auf der Uhr hat! Legendärer „brauner Benz“ ist wieder aufgetaucht
2019-06-04 11:42:49,650 INFO: Dest link: https://www.autobild.de/artikel/mercedes-w-123-brauner-benz-reportage-14486329.html?utm_source=taboola&utm_medium=exchange&extref=taboola%3Ebild.de
2019-06-04 11:42:49,650 INFO: Ad image: https://images.taboola.com/taboola/image/fetch/f_jpg%2Cq_auto%2Ch_223%2Cw_400%2Cc_fill%2Cg_faces:auto%2Ce_sharpen/https%3A//i.auto-bild.de/ir_img/2/2/5/7/5/5/1/Mercedes-W-123-brauner-Benz-474x316-957b2f08bd997d47.jpg
2019-06-04 11:42:49,650 INFO: Ad text: 
2019-06-04 11:42:55,982 INFO: URL: https://www.bild.de/unterhaltung/leute/leute/meier-casiraghi-sayn-wittgenstein-ein-wochenende-drei-traumhochzeiten-62352346.bild.html
2019-06-04 11:42:55,986 INFO: Title page: Meier, Casiraghi & Sayn-Wittgenstein: Ein Wochenende, drei Traumhochzeiten! - Leute - Bild.de
2019-06-04 11:42:56,152 INFO: Number of Taboola ads found: 12
2019-06-04 11:42:56,152 INFO: Ad title: Поиграй 2 минуту и ты поймешь почему эта игра вызвала зависимость у миллионов!
2019-06-04 11:42:56,152 INFO: Dest link: https://plarium.com/landings/ru/vikings/encyclopedia_f002_prelp001?publisherID=229077553&placement=bilddedt&adpartnerset=2288010&plid=119830&pxl=taboola_fr
2019-06-04 11:42:56,152 INFO: Ad image: https://images.taboola.com/taboola/image/fetch/f_jpg%2Cq_auto%2Ch_223%2Cw_400%2Cc_fill%2Cg_faces:auto%2Ce_sharpen/https%3A//gallery-pl.go-game.io/uploads/2019/01/Vk_Resizes%25201000x600_B63497_1000x600_English%26IMG%3D1CZT.png
2019-06-04 11:42:56,152 INFO: Ad text: Vikings: бесплатная онлайн-игра [16+]
2019-06-04 11:42:56,152 INFO: Ad title: Новый Touareg. Вы не останетесь незамеченным
2019-06-04 11:42:56,153 INFO: Dest link: http://sys.refocus.ru/t1415603801/MjM3LDI5Niw0OTAxLDIzNzUxLDE0MzM1Nw==?utm_source=taboola&utm_medium=referral
2019-06-04 11:42:56,153 INFO: Ad image: https://images.taboola.com/taboola/image/fetch/f_jpg%2Cq_auto%2Ch_223%2Cw_400%2Cc_fill%2Cg_faces:auto%2Ce_sharpen/http%3A//cdn.taboola.com/libtrc/static/thumbnails/81dfbffdf891d0764d34d0e7a3944181.png
2019-06-04 11:42:56,153 INFO: Ad text: Volkswagen Touareg [16+]
2019-06-04 11:42:56,153 INFO: Ad title: Погрузись в фантастический мир эльфов и создай свою сказку!
2019-06-04 11:42:56,153 INFO: Dest link: https://om.elvenar.com/ox/ru/?ref=tab_ru_ru_alex&&external_param=229958345&pid=bilddedt&bid=229958345
2019-06-04 11:42:56,153 INFO: Ad image: https://images.taboola.com/taboola/image/fetch/f_jpg%2Cq_auto%2Ch_223%2Cw_400%2Cc_fill%2Cg_faces:auto%2Ce_sharpen/http%3A//cdn.taboola.com/libtrc/static/thumbnails/9aa12fafd0c3dbfb95a469c78a564706.jpeg
2019-06-04 11:42:56,153 INFO: Ad text: Elvenar | Играй Бесплатно [16+]
2019-06-04 11:42:56,154 INFO: Ad title: „Gabriels Hausboot ist  einfach ein Scheißhaufen“
2019-06-04 11:42:56,154 INFO: Dest link: https://www.bild.de/regional/hamburg/hamburg-aktuell/olli-schulz-ueber-restaurierung-gabriels-hausboot-ist-ein-scheisshaufen-62379348.bild.html?wtrid=kooperation.reco.taboola.free.bild.desktop
2019-06-04 11:42:56,154 INFO: Ad image: https://images.taboola.com/taboola/image/fetch/f_jpg%2Cq_auto%2Ch_223%2Cw_400%2Cc_fill%2Cg_faces:auto%2Ce_sharpen/https%3A//bilder.bild.de/fotos-skaliert/olli-schulz-ueber-restaurierung-gabriels-hausboot-ist-ein-scheisshaufen-200979131-62381216/5%2Cw%3D993%2Cc%3D0.bild.jpg
2019-06-04 11:42:56,156 INFO: Ad text: Stylebook
2019-06-04 11:42:56,156 INFO: Ad title: Ex-Putzfrau plündert Firma aus
2019-06-04 11:42:56,156 INFO: Dest link: https://www.bild.de/regional/frankfurt/frankfurt-aktuell/frankfurt-719-735-47-euro-ex-putzfrau-pluendert-firma-aus-62379578.bild.html?wtrid=kooperation.reco.taboola.free.bild.desktop
2019-06-04 11:42:56,156 INFO: Ad image: https://images.taboola.com/taboola/image/fetch/f_jpg%2Cq_auto%2Ch_223%2Cw_400%2Cc_fill%2Cg_faces:auto%2Ce_sharpen/https%3A//bilder.bild.de/fotos-skaliert/frankfurt--719735-47-euro-ex-putzfrau-pluendert-firma-aus-201147862-62379760/1%2Cw%3D993%2Cc%3D0.bild.jpg
2019-06-04 11:42:56,158 INFO: Ad text: Stylebook
2019-06-04 11:42:56,158 INFO: Ad title: 3 Baustellen für Boldt beim HSV
2019-06-04 11:42:56,158 INFO: Dest link: https://www.bild.de/sport/fussball/fussball/assi-team-manager-trainingslager-3-hsv-baustellen-fuer-jonas-boldt-62382902.bild.html?wtrid=kooperation.reco.taboola.free.bild.desktop
2019-06-04 11:42:56,158 INFO: Ad image: https://images.taboola.com/taboola/image/fetch/f_jpg%2Cq_auto%2Ch_223%2Cw_400%2Cc_fill%2Cg_faces:auto%2Ce_sharpen/https%3A//bilder.bild.de/fotos-skaliert/assi-team-manager-trainingslager-3-hsv-baustellen-fuer-jonas-boldt-201148011-62383012/3%2Cw%3D993%2Cc%3D0.bild.jpg
2019-06-04 11:42:56,159 INFO: Ad text: Stylebook
2019-06-04 11:42:56,159 INFO: Ad title: Ist das noch Instagram oder schon Pornhub?
2019-06-04 11:42:56,159 INFO: Dest link: https://www.bild.de/video/clip/bild-boxx/bildboxx-influencer-stars-jay-und-valentina-ist-das-noch-instagram-oder-schon-pornhub-62237288.bild.html?wtrid=kooperation.reco.taboola.free.bild.desktop
2019-06-04 11:42:56,160 INFO: Ad image: https://images.taboola.com/taboola/image/fetch/f_jpg%2Cq_auto%2Ch_223%2Cw_400%2Cc_fill%2Cg_faces:auto%2Ce_sharpen/https%3A//bilder.bild.de/fotos/instagram-oder-pornhub--nackt-paerchen-jay-und-valentina-provozieren-auf-instagram-62237284/Bild/1.bild.jpg
2019-06-04 11:42:56,160 INFO: Ad text: Stylebook
2019-06-04 11:42:56,161 INFO: Ad title: Michael Douglas wird Malle-Villa NICHT los
2019-06-04 11:42:56,161 INFO: Dest link: https://www.bild.de/video/clip/michael-douglas/michael-douglas-villa-engels-62248882.bild.html?wtrid=kooperation.reco.taboola.free.bild.desktop
2019-06-04 11:42:56,161 INFO: Ad image: https://images.taboola.com/taboola/image/fetch/f_jpg%2Cq_auto%2Ch_223%2Cw_400%2Cc_fill%2Cg_faces:auto%2Ce_sharpen/https%3A//bilder.bild.de/fotos/michael-douglas-will-seine-mallorca-villa-verkaufen-62248796/Bild/1.bild.jpg
2019-06-04 11:42:56,161 INFO: Ad text: Stylebook
2019-06-04 11:42:56,161 INFO: Ad title:  »Ich habe alles mitgenommen
2019-06-04 11:42:56,161 INFO: Dest link: https://www.stylebook.de/stars/big-brother-star-alex-jolig-im-interview?sybkff
2019-06-04 11:42:56,161 INFO: Ad image: https://images.taboola.com/taboola/image/fetch/f_jpg%2Cq_auto%2Ch_223%2Cw_400%2Cc_fill%2Cg_faces:auto%2Ce_sharpen/https%3A//www.stylebook.de/data/uploads/2018/06/teaser-alex_jolig_1530179359-1040x690.jpg
2019-06-04 11:42:56,162 INFO: Ad text: Stylebook
2019-06-04 11:42:56,162 INFO: Ad title: Evelyn Burdecki ausgeraubt!
2019-06-04 11:42:56,162 INFO: Dest link: https://www.bild.de/video/clip/burdecki-evelyn/evelyn-burdecki-ausgeraubt-das-waren-hochprofessionelle-verbrecher-62370094.bild.html?wtrid=kooperation.reco.taboola.free.bild.desktop
2019-06-04 11:42:56,162 INFO: Ad image: https://images.taboola.com/taboola/image/fetch/f_jpg%2Cq_auto%2Ch_223%2Cw_400%2Cc_fill%2Cg_faces:auto%2Ce_sharpen/https%3A//bilder.bild.de/fotos/evelyn-burdecki-ausgeraubt--das-waren-hochprofessionelle-verbrecher-62370090/Bild/1.bild.jpg
2019-06-04 11:42:56,163 INFO: Ad text: Anzeige
2019-06-04 11:42:56,163 INFO: Ad title: Fernsehgarten-Auftritt von Pietro Lombardi geplatzt
2019-06-04 11:42:56,163 INFO: Dest link: https://www.bild.de/video/clip/pietro-lombardi/pietro-lombardi-auftritt-im-fernsehgarten-geplatzt-wegen-der-muetze-62358142.bild.html?wtrid=kooperation.reco.taboola.free.bild.desktop
2019-06-04 11:42:56,164 INFO: Ad image: https://images.taboola.com/taboola/image/fetch/f_jpg%2Cq_auto%2Ch_223%2Cw_400%2Cc_fill%2Cg_faces:auto%2Ce_sharpen/https%3A//bilder.bild.de/fotos/muetzen-eklat-beim-zdf-fernsehgarten-auftritt-von-pietro-lombardi-geplatzt-201147011-62360428/Bild/2.bild.jpg
2019-06-04 11:42:56,164 INFO: Ad text: Anzeige
2019-06-04 11:42:56,164 INFO: Ad title: Gründe jetzt Dein Eisenbahn-Imperium
2019-06-04 11:42:56,164 INFO: Dest link: https://www.bild.de/spiele/browsergames/browser-spiele/railnation-30800694.bild.html
2019-06-04 11:42:56,165 INFO: Ad image: https://images.taboola.com/taboola/image/fetch/f_jpg%2Cq_auto%2Ch_223%2Cw_400%2Cc_fill%2Cg_faces:auto%2Ce_sharpen/https%3A//bilder.bild.de/fotos/railnation-browserspiel-38525100/Bild/18.bild.jpg
2019-06-04 11:42:56,165 INFO: Ad text: Anzeige
2019-06-04 11:43:02,471 INFO: URL: https://www.nbcnews.com/
2019-06-04 11:43:02,476 INFO: Title page: NBC News - Breaking News & Top Stories - Latest World, US & Local News | NBC News
2019-06-04 11:43:03,852 INFO: Number of Taboola ads found: 18
2019-06-04 11:43:03,852 INFO: Ad title: 2 Japanese Inventors Developed A Genius Way To Become Multilingual Instantly
2019-06-04 11:43:03,853 INFO: Dest link: https://we.runitbro.com/b509896d-4b7a-4554-8330-d855f3399d63?site=nbcnews&site_id=1010748&title=2+Japanese+Inventors+Developed+A+Genius+Way+To+Become+Multilingual+Instantly&platform=Desktop&campaign_id=2282147&campaign_item_id=229228566&thumbnail=http%3A%2F%2Fcdn.taboola.com%2Flibtrc%2Fstatic%2Fthumbnails%2Fa1c34d5cd37daba4c1de21a765dbe0e0.jpg&click_id=CjBiOTk3MmE0YS1lMmQzLTRkM2QtYmJmZC00Njg4ODdhNjVhNjEtdHVjdDNlZmI0ODQSJHRhYm9vbGFhY2NvdW50LWFudG9ueGVzdHVyZ3ltZWRpYWNvbQ&utm_source=taboola&utm_medium=referral
2019-06-04 11:43:03,853 INFO: Ad image: https://images.taboola.com/taboola/image/fetch/f_jpg%2Cq_auto%2Ch_200%2Cw_400%2Cc_fill%2Cg_faces:auto%2Ce_sharpen/http%3A//cdn.taboola.com/libtrc/static/thumbnails/a1c34d5cd37daba4c1de21a765dbe0e0.jpg
2019-06-04 11:43:03,853 INFO: Ad text: Discover Life Hacks
2019-06-04 11:43:03,853 INFO: Ad title: Why Everybody in Russian Federation is Snapping Up These New Earphones?
2019-06-04 11:43:03,853 INFO: Dest link: https://ctotrk.com/3295d661-2a5a-4ce5-8405-32e9d30e10e9?site=nbcnews&thumbnail=http%3A%2F%2Fcdn.taboola.com%2Flibtrc%2Fstatic%2Fthumbnails%2F0c860816f7ff46292c53f371d018c478.png&title=Why+Everybody+in+Russian+Federation+is+Snapping+Up+These+New+Earphones%3F&timestamp=2019-06-04+08%3A42%3A59&platform=Desktop&campaign_id=airphones&campaign_item_id=228283077
2019-06-04 11:43:03,854 INFO: Ad image: https://images.taboola.com/taboola/image/fetch/f_jpg%2Cq_auto%2Ch_200%2Cw_400%2Cc_fill%2Cg_faces:auto%2Ce_sharpen/http%3A//cdn.taboola.com/libtrc/static/thumbnails/0c860816f7ff46292c53f371d018c478.png
2019-06-04 11:43:03,854 INFO: Ad text: AirPhones
2019-06-04 11:43:03,854 INFO: Ad title: Flights In Russian Federation At Ridiculously Low Prices
2019-06-04 11:43:03,854 INFO: Dest link: http://www.save70.com/flights?utm_source=taboola_whitelist_flights_3&lpage=intww
2019-06-04 11:43:03,854 INFO: Ad image: https://images.taboola.com/taboola/image/fetch/f_jpg%2Cq_auto%2Ch_200%2Cw_200%2Cc_fill%2Cg_faces:auto%2Ce_sharpen/http%3A//cdn.taboola.com/libtrc/static/thumbnails/a0480481f6d218027be0e670e9e308d7.jpg
2019-06-04 11:43:03,854 INFO: Ad text: Save70.com
2019-06-04 11:43:03,854 INFO: Ad title: People In Russian Federation Use New Device Tricks For Ultra Fast WiFi
2019-06-04 11:43:03,855 INFO: Dest link: https://ctotrk.com/2b47c406-c1d9-4981-a263-539ab7f6fa9d?site=nbcnews&thumbnail=http%3A%2F%2Fcdn.taboola.com%2Flibtrc%2Fstatic%2Fthumbnails%2F79e50ec6e7ace1214f9db7a78f2b2222.png&title=People+In+Russian+Federation+Use+New+Device+Tricks+For+Ultra+Fast+WiFi&platform=Desktop&campaign_id=campaign&campaign_item_id=204004533
2019-06-04 11:43:03,855 INFO: Ad image: https://images.taboola.com/taboola/image/fetch/f_jpg%2Cq_auto%2Ch_200%2Cw_200%2Cc_fill%2Cg_faces:auto%2Ce_sharpen/http%3A//cdn.taboola.com/libtrc/static/thumbnails/79e50ec6e7ace1214f9db7a78f2b2222.png
2019-06-04 11:43:03,855 INFO: Ad text: WiFi SuperBooster
2019-06-04 11:43:03,855 INFO: Ad title: People from Russian Federation cannot believe these flight prices
2019-06-04 11:43:03,855 INFO: Dest link: http://trips-shop.com/?utm_source=taboola&utm_medium=referral&utm_campaign=intent_TB-TS-WW-DT&utm_term=nbcnews
2019-06-04 11:43:03,855 INFO: Ad image: https://images.taboola.com/taboola/image/fetch/f_jpg%2Cq_auto%2Ch_200%2Cw_200%2Cc_fill%2Cg_faces:auto%2Ce_sharpen/http%3A//cdn.taboola.com/libtrc/static/thumbnails/38c22f378606328a573153c22d2c1b17.jpg
2019-06-04 11:43:03,856 INFO: Ad text: Trips Shop
2019-06-04 11:43:03,856 INFO: Ad title: Техническое обслуживание – Владельцам автомобилей Nissan | Nissan
2019-06-04 11:43:03,856 INFO: Dest link: https://www.nissan.ru/ownership/nissan-services/maintenance-repair/car-maintenance.html?cid=ban2019-05-r-thr-d-r_cndtnRU_ruallomdlocrubtwnxppl2progbann4&utm_source=between&utm_campaign=2019-05-ru-Other-AD-Air_Condition&TacticBetweenEx=[[DOMAIN]]&utm_content=banners#conditioners
2019-06-04 11:43:03,856 INFO: Ad image: https://images.taboola.com/taboola/image/fetch/f_jpg%2Cq_auto%2Ch_200%2Cw_200%2Cc_fill%2Cg_faces:auto%2Ce_sharpen/https%3A//libs-europe.nissan-cdn.net/etc/designs/nissan/19.08.3.NISSAN-28/common-assets/img/logo/logo.png
2019-06-04 11:43:03,858 INFO: Ad text: Nissan [16+]
2019-06-04 11:43:03,858 INFO: Ad title: Свободная речь на иностранном языке! 5 языков одним махом
2019-06-04 11:43:03,858 INFO: Dest link: http://mirovye-fakty.com/statya/novaya-2h-nedelnaya-formula-usvoeniya-yazykov/?utm_source=taboola-sl&utm_medium=banner-tekst&utm_campaign=TAB-SL-4-msn&utm_content=stara_ru34_108-K4&utm_term=nbcnews
2019-06-04 11:43:03,858 INFO: Ad image: https://images.taboola.com/taboola/image/fetch/f_jpg%2Cq_auto%2Ch_200%2Cw_400%2Cc_fill%2Cg_faces:auto%2Ce_sharpen/http%3A//cdn.taboola.com/libtrc/static/thumbnails/9cebdc078f3e0bc5c806aea5e4463ebb.jpg
2019-06-04 11:43:03,859 INFO: Ad text: Smart Lang [16+]
2019-06-04 11:43:03,859 INFO: Ad title: 9 Things That Happen When You Start Eating Ginger Daily
2019-06-04 11:43:03,861 INFO: Dest link: http://www.manukafeed.com/eat-ginger-every-day/?utm_source=nbcnews&utm_medium=taboola&utm_campaign=380_MF_Ginger_T3_all&utm_content=154515110
2019-06-04 11:43:03,865 INFO: Ad image: https://images.taboola.com/taboola/image/fetch/f_jpg%2Cq_auto%2Ch_200%2Cw_400%2Cc_fill%2Cg_faces:auto%2Ce_sharpen/http%3A//cdn.taboola.com/libtrc/static/thumbnails/GETTY_IMAGES/SKP/174822165__gw6nZP5f.jpg
2019-06-04 11:43:03,866 INFO: Ad text: Food Prevent
2019-06-04 11:43:03,866 INFO: Ad title: Woman jumps from window to escape brutal 6-hour rape in Queens, suspect on the loose
2019-06-04 11:43:03,866 INFO: Dest link: https://www.nbcnews.com/news/us-news/woman-jumps-window-escape-brutal-6-hour-rape-queens-suspect-n1012886?cid=referral_taboolafeed
2019-06-04 11:43:03,866 INFO: Ad image: https://images.taboola.com/taboola/image/fetch/f_jpg%2Cq_auto%2Ch_200%2Cw_400%2Cc_fill%2Cg_faces:auto%2Ce_sharpen/https%3A//media2.s-nbcnews.com/j/newscms/2019_22/2880601/190502-michael-hosang-2x1-cs-1102a_7d4ae46fd1a159885141bcb459a494f5.nbcnews-fp-1200-630.jpg
2019-06-04 11:43:03,869 INFO: Ad text: Smart Lang [16+]
2019-06-04 11:43:03,869 INFO: Ad title: Woman who called Michelle Obama an 'ape' sentenced to jail for defrauding FEMA of $18K
2019-06-04 11:43:03,869 INFO: Dest link: https://www.nbcnews.com/news/us-news/woman-who-called-michelle-obama-ape-sentenced-jail-defrauding-fema-n1012936?cid=referral_taboolafeed
2019-06-04 11:43:03,870 INFO: Ad image: https://images.taboola.com/taboola/image/fetch/f_jpg%2Cq_auto%2Ch_200%2Cw_200%2Cc_fill%2Cg_faces:auto%2Ce_sharpen/https%3A//media1.s-nbcnews.com/j/newscms/2019_07/2756456/190217-west-virginia-flooding-2016-se-200p_ccc9f87a1f1e0c8f051d7a78020142dc.nbcnews-fp-1200-630.jpg
2019-06-04 11:43:03,871 INFO: Ad text: Smart Lang [16+]
2019-06-04 11:43:03,871 INFO: Ad title: Contempt vote scheduled, Queen hosts Trump, All-star graduation surprise: NBC News Briefly
2019-06-04 11:43:03,871 INFO: Dest link: https://www.nbcnews.com/now/video/nbc-news-briefly-contempt-vote-scheduled-queen-hosts-trump-all-star-graduation-surprise-61190213761?cid=referral_taboolafeed
2019-06-04 11:43:03,871 INFO: Ad image: https://images.taboola.com/taboola/image/fetch/f_jpg%2Cq_auto%2Ch_200%2Cw_200%2Cc_fill%2Cg_faces:auto%2Ce_sharpen/https%3A//media12.s-nbcnews.com/j/MSNBC/Components/Video/201906/Ott_now_brieflys_6_190603_1920x1080.nbcnews-fp-1200-630.jpg
2019-06-04 11:43:03,876 INFO: Ad text: Smart Lang [16+]
2019-06-04 11:43:03,877 INFO: Ad title: Даже у самого ленивого теперь есть возможность выучить английский язык благодаря этой уловке!
2019-06-04 11:43:03,877 INFO: Dest link: http://mirovye-fakty.com/statya/novaya-2h-nedelnaya-formula-usvoeniya-yazykov-tab/?utm_source=taboola-sl&utm_medium=banner-tekst&utm_campaign=TAB-SL-4-msn&utm_content=spioch_ru488-K4&utm_term=nbcnews
2019-06-04 11:43:03,879 INFO: Ad image: https://images.taboola.com/taboola/image/fetch/f_jpg%2Cq_auto%2Ch_200%2Cw_400%2Cc_fill%2Cg_faces:auto%2Ce_sharpen/http%3A//cdn.taboola.com/libtrc/static/thumbnails/d5429125a81d346e8ffeb7021f6f1c74.jpg
2019-06-04 11:43:03,879 INFO: Ad text: Smart Lang [16+]
2019-06-04 11:43:03,879 INFO: Ad title: 10 самых странных вещей из СССР
2019-06-04 11:43:03,879 INFO: Dest link: http://ru.greattrips.info/?p=104&utm_source=taboola2/boats&utm_medium=referral&utm_term=nbcnews&utm_content=http%3A%2F%2Fcdn.taboola.com%2Flibtrc%2Fstatic%2Fthumbnails%2Fe8b27c0453afa9e718d89a6d7eaa269b.jpg &utm_term=nbcnews
2019-06-04 11:43:03,880 INFO: Ad image: https://images.taboola.com/taboola/image/fetch/f_jpg%2Cq_auto%2Ch_200%2Cw_400%2Cc_fill%2Cg_faces:auto%2Ce_sharpen/http%3A//cdn.taboola.com/libtrc/static/thumbnails/e8b27c0453afa9e718d89a6d7eaa269b.jpg
2019-06-04 11:43:03,880 INFO: Ad text: Greattrips
2019-06-04 11:43:03,880 INFO: Ad title: 'Jeopardy!' phenom James Holzhauer's high-rolling win streak comes to an end
2019-06-04 11:43:03,880 INFO: Dest link: https://www.nbcnews.com/news/us-news/spoiler-alert-what-happens-james-holzhauer-jeopardy-monday-night-n1011886?cid=referral_taboolafeed
2019-06-04 11:43:03,880 INFO: Ad image: https://images.taboola.com/taboola/image/fetch/f_jpg%2Cq_auto%2Ch_200%2Cw_400%2Cc_fill%2Cg_faces:auto%2Ce_sharpen/https%3A//media3.s-nbcnews.com/j/newscms/2019_23/2831291/190423-james-holzhauer-cs-736a_35b72e3b0ae14362c5a4e309ce17361f.nbcnews-fp-1200-630.jpg
2019-06-04 11:43:03,882 INFO: Ad text: Smart Lang [16+]
2019-06-04 11:43:03,882 INFO: Ad title: Trump denies he called Meghan Markle 'nasty' despite audio of remark
2019-06-04 11:43:03,883 INFO: Dest link: https://www.nbcnews.com/politics/donald-trump/trump-denies-he-called-meghan-markle-nasty-despite-audio-remark-n1012881?cid=referral_taboolafeed
2019-06-04 11:43:03,883 INFO: Ad image: https://images.taboola.com/taboola/image/fetch/f_jpg%2Cq_auto%2Ch_200%2Cw_200%2Cc_fill%2Cg_faces:auto%2Ce_sharpen/https%3A//media3.s-nbcnews.com/j/newscms/2018_30/2511521/180737-meghan-sussex-1454_349ca6e8868e169ddddf1eac2dd91fd1.nbcnews-fp-1200-630.JPG
2019-06-04 11:43:03,884 INFO: Ad text: Smart Lang [16+]
2019-06-04 11:43:03,884 INFO: Ad title: North Carolina teen recovering after shark attack
2019-06-04 11:43:03,884 INFO: Dest link: https://www.nbcnews.com/news/us-news/north-carolina-shark-attack-teen-recovering-after-bites-hands-legs-n1013101?cid=referral_taboolafeed
2019-06-04 11:43:03,884 INFO: Ad image: https://images.taboola.com/taboola/image/fetch/f_jpg%2Cq_auto%2Ch_200%2Cw_200%2Cc_fill%2Cg_faces:auto%2Ce_sharpen/https%3A//media4.s-nbcnews.com/j/newscms/2019_23/2881066/190603-paige-winter-mn-0810_15a27ea09def3acf990e97d5aa9fc404.nbcnews-fp-1200-630.jpg
2019-06-04 11:43:03,885 INFO: Ad text: Smart Lang [16+]
2019-06-04 11:43:03,885 INFO: Ad title: Новый удивительный метод экспресс-обучения иностранных языков!
2019-06-04 11:43:03,886 INFO: Dest link: http://mirovye-fakty.com/statya/novaya-2h-nedelnaya-formula-usvoeniya-yazykov/?utm_source=taboola-sl&utm_medium=banner-tekst&utm_campaign=TAB-SL-4-msn&utm_content=holonest_ru209&utm_term=nbcnews
2019-06-04 11:43:03,886 INFO: Ad image: https://images.taboola.com/taboola/image/fetch/f_jpg%2Cq_auto%2Ch_200%2Cw_400%2Cc_fill%2Cg_faces:auto%2Ce_sharpen/http%3A//cdn.taboola.com/libtrc/static/thumbnails/702bff3b9f398b832083ac3f7c033baf.jpg
2019-06-04 11:43:03,886 INFO: Ad text: Smart Lang [16+]
2019-06-04 11:43:03,886 INFO: Ad title: Топ 10 Самых Маленьких Стран на Земле
2019-06-04 11:43:03,886 INFO: Dest link: http://100newspaper.xyz/top-10-samykh-malenkikh-stran-na-zemle/?utm_source=taboola&utm_medium=top-10-samykh-malenkikh-stran-na-zemle&utm_term=nbcnews&utm_content=http%3A%2F%2Fcdn.taboola.com%2Flibtrc%2Fstatic%2Fthumbnails%2FGETTY_IMAGES%2FEYM%2F999787778__SUlCw4ty.jpg
2019-06-04 11:43:03,886 INFO: Ad image: https://images.taboola.com/taboola/image/fetch/f_jpg%2Cq_auto%2Ch_200%2Cw_400%2Cc_fill%2Cg_faces:auto%2Ce_sharpen/http%3A//cdn.taboola.com/libtrc/static/thumbnails/GETTY_IMAGES/EYM/999787778__SUlCw4ty.jpg
2019-06-04 11:43:03,886 INFO: Ad text: 100newspaper.xyz
2019-06-04 11:43:08,155 INFO: URL: https://www.nbcnews.com/news/us-news/kevin-hassett-top-white-house-economic-adviser-leaving-trump-says-n1012996
2019-06-04 11:43:08,163 INFO: Title page: Kevin Hassett, top White House economic adviser, is leaving, Trump says
2019-06-04 11:43:08,299 WARNING: 0 ads found
2019-06-04 11:43:17,573 INFO: URL: https://www.foxnews.com/
2019-06-04 11:43:17,588 INFO: Title page: Fox News - Breaking News Updates | Latest News Headlines | Photos & News Videos
2019-06-04 11:43:18,099 INFO: Number of Taboola ads found: 6
2019-06-04 11:43:18,099 INFO: Ad title: Поиграй 2 минуту и ты поймешь почему эта игра вызвала зависимость у миллионов!
2019-06-04 11:43:18,099 INFO: Dest link: https://plarium.com/landings/ru/vikings/encyclopedia_f002_prelp001?publisherID=229077553&placement=foxnews-foxnews&adpartnerset=2288010&plid=119830&pxl=taboola_fr
2019-06-04 11:43:18,100 INFO: Ad image: https://images.taboola.com/taboola/image/fetch/f_jpg%2Cq_auto%2Ch_78%2Cw_140%2Cc_fill%2Cg_faces:auto%2Ce_sharpen/https%3A//gallery-pl.go-game.io/uploads/2019/01/Vk_Resizes%25201000x600_B63497_1000x600_English%26IMG%3D1CZT.png
2019-06-04 11:43:18,100 INFO: Ad text: Vikings: бесплатная онлайн-игра [16+]
2019-06-04 11:43:18,100 INFO: Ad title: Build a City, Trade With Your Neighbors, Play With Your Friends
2019-06-04 11:43:18,100 INFO: Dest link: https://om.forgeofempires.com/foe/?ref=tab_row_mktdet&&external_param=123985928&pid=foxnews-foxnews&bid=123985928
2019-06-04 11:43:18,100 INFO: Ad image: https://images.taboola.com/taboola/image/fetch/f_jpg%2Cq_auto%2Ch_78%2Cw_140%2Cc_fill%2Cg_faces:auto%2Ce_sharpen/http%3A//cdn.taboola.com/libtrc/static/thumbnails/c47701d555fd706bf758fdfd01d2e9e5.jpeg
2019-06-04 11:43:18,100 INFO: Ad text: Forge of Empires - Free Online Game
2019-06-04 11:43:18,100 INFO: Ad title: Погрузись в фантастический мир эльфов и создай свою сказку!
2019-06-04 11:43:18,101 INFO: Dest link: https://om.elvenar.com/ox/ru/?ref=tab_ru_ru_alex&&external_param=229958345&pid=foxnews-foxnews&bid=229958345
2019-06-04 11:43:18,101 INFO: Ad image: https://images.taboola.com/taboola/image/fetch/f_jpg%2Cq_auto%2Ch_78%2Cw_140%2Cc_fill%2Cg_faces:auto%2Ce_sharpen/http%3A//cdn.taboola.com/libtrc/static/thumbnails/9aa12fafd0c3dbfb95a469c78a564706.jpeg
2019-06-04 11:43:18,101 INFO: Ad text: Elvenar | Играй Бесплатно [16+]
2019-06-04 11:43:18,101 INFO: Ad title: People from Russian Federation cannot believe these flight prices
2019-06-04 11:43:18,101 INFO: Dest link: http://trips-shop.com/?utm_source=taboola&utm_medium=referral&utm_campaign=intent_TB-TS-WW-DT&utm_term=foxnews-foxnews
2019-06-04 11:43:18,101 INFO: Ad image: https://images.taboola.com/taboola/image/fetch/f_jpg%2Cq_auto%2Ch_78%2Cw_140%2Cc_fill%2Cg_faces:auto%2Ce_sharpen/http%3A//cdn.taboola.com/libtrc/static/thumbnails/38c22f378606328a573153c22d2c1b17.jpg
2019-06-04 11:43:18,102 INFO: Ad text: Trips Shop
2019-06-04 11:43:18,102 INFO: Ad title: Volkswagen Teramont. Больше места, больше инноваций
2019-06-04 11:43:18,102 INFO: Dest link: http://sys.refocus.ru/t1415603801/MjM3LDI5Niw0OTU5LDI0MDk3LDE0NDAzMQ==?utm_source=taboola&utm_medium=referral
2019-06-04 11:43:18,102 INFO: Ad image: https://images.taboola.com/taboola/image/fetch/f_jpg%2Cq_auto%2Ch_78%2Cw_140%2Cc_fill%2Cg_faces:auto%2Ce_sharpen/http%3A//cdn.taboola.com/libtrc/static/thumbnails/efb337f04ad1c8f7ca919286554b97fa.jpg
2019-06-04 11:43:18,102 INFO: Ad text: Volkswagen Teramont
2019-06-04 11:43:18,102 INFO: Ad title: Подключите цифровое ТВ и получите 3 месяца в подарок
2019-06-04 11:43:18,102 INFO: Dest link: https://wcm.solution.weborama.fr/fcgi-bin/dispatch.fcgi?a.A=cl&a.si=3777&a.te=151&a.ycp=2276766%26utm_term%3Dfoxnews-foxnews&a.ra=[RANDOM]&g.lu=&utm_source=taboola&utm_medium=cpc&utm_content=tgb&utm_campaign=BaseOnline_Zapad-2276766&utm_term=foxnews-foxnews
2019-06-04 11:43:18,103 INFO: Ad image: https://images.taboola.com/taboola/image/fetch/f_jpg%2Cq_auto%2Ch_78%2Cw_140%2Cc_fill%2Cg_faces:auto%2Ce_sharpen/http%3A//cdn.taboola.com/libtrc/static/thumbnails/GETTY_IMAGES/SKP/500075824__gteQm7f4.jpg
2019-06-04 11:43:18,103 INFO: Ad text: НТВ+ [16+]
2019-06-04 11:43:28,573 INFO: URL: https://www.dailymail.co.uk/femail/article-7098355/Melania-Trump-pays-tribute-D-Day-veterans-military-themed-650-Burberry-blouse.html
2019-06-04 11:43:28,583 INFO: Title page: Melania Trump pays tribute to Diana as she arrives at Buckingham Palace | Daily Mail Online
2019-06-04 11:43:29,301 INFO: Number of Taboola ads found: 29
2019-06-04 11:43:29,301 INFO: Ad title: Поиграй 2 минуту и ты поймешь почему эта игра вызвала зависимость у миллионов!
2019-06-04 11:43:29,302 INFO: Dest link: https://plarium.com/landings/ru/vikings/encyclopedia_f002_prelp001?publisherID=229077553&placement=dailymail-row&adpartnerset=2288010&plid=119830&pxl=taboola_fr
2019-06-04 11:43:29,302 INFO: Ad image: https://images.taboola.com/taboola/image/fetch/f_jpg%2Cq_auto%2Ch_190%2Cw_380%2Cc_fill%2Cg_faces:auto%2Ce_sharpen/https%3A//gallery-pl.go-game.io/uploads/2019/01/Vk_Resizes%25201000x600_B63497_1000x600_English%26IMG%3D1CZT.png
2019-06-04 11:43:29,302 INFO: Ad text: Vikings: бесплатная онлайн-игра [16+]
2019-06-04 11:43:29,302 INFO: Ad title: Volkswagen Touareg подчеркнет ваши уникальность, стиль и отличный вкус
2019-06-04 11:43:29,302 INFO: Dest link: http://sys.refocus.ru/t1415603801/MjM3LDI5Niw0OTAxLDIzNzUxLDE0MzM1Nw==?utm_source=taboola&utm_medium=referral
2019-06-04 11:43:29,302 INFO: Ad image: https://images.taboola.com/taboola/image/fetch/f_jpg%2Cq_auto%2Ch_190%2Cw_380%2Cc_fill%2Cg_faces:auto%2Ce_sharpen/http%3A//cdn.taboola.com/libtrc/static/thumbnails/81dfbffdf891d0764d34d0e7a3944181.png
2019-06-04 11:43:29,303 INFO: Ad text: Volkswagen Touareg [16+]
2019-06-04 11:43:29,303 INFO: Ad title: Подключите цифровое ТВ и получите 3 месяца в подарок
2019-06-04 11:43:29,303 INFO: Dest link: https://wcm.solution.weborama.fr/fcgi-bin/dispatch.fcgi?a.A=cl&a.si=3777&a.te=151&a.ycp=2276766%26utm_term%3Ddailymail-row&a.ra=[RANDOM]&g.lu=&utm_source=taboola&utm_medium=cpc&utm_content=tgb&utm_campaign=BaseOnline_Zapad-2276766&utm_term=dailymail-row
2019-06-04 11:43:29,304 INFO: Ad image: https://images.taboola.com/taboola/image/fetch/f_jpg%2Cq_auto%2Ch_190%2Cw_380%2Cc_fill%2Cg_faces:auto%2Ce_sharpen/http%3A//cdn.taboola.com/libtrc/static/thumbnails/GETTY_IMAGES/SKP/500075824__gteQm7f4.jpg
2019-06-04 11:43:29,304 INFO: Ad text: НТВ+ [16+]
2019-06-04 11:43:29,304 INFO: Ad title: Замена салонного фильтра Nissan на привлекательных условиях
2019-06-04 11:43:29,304 INFO: Dest link: https://www.nissan.ru/ownership/nissan-services/maintenance-repair/car-maintenance.html?cid=ban2019-05-r-thr-d-r_cndtnRU_ruallomdlocrubtwnxppl2progbann4&utm_source=between&utm_campaign=2019-05-ru-Other-AD-Air_Condition&TacticBetweenEx=[[DOMAIN]]&utm_content=banners#conditioners
2019-06-04 11:43:29,304 INFO: Ad image: https://images.taboola.com/taboola/image/fetch/f_jpg%2Cq_auto%2Ch_312%2Cw_560%2Cc_fill%2Cg_faces:auto%2Ce_sharpen/http%3A//cdn.taboola.com/libtrc/static/thumbnails/8afa4a4a40d58e9b012b47d69e3fe165.jpg
2019-06-04 11:43:29,305 INFO: Ad text: Nissan [16+]
2019-06-04 11:43:29,305 INFO: Ad title: The Most Beautiful Royal Women
2019-06-04 11:43:29,305 INFO: Dest link: http://www.hooch.net/if-the-crown-fits-stunning-royal-women/?utm_source=tb&utm_medium=dailymail-row-tb&utm_term=The+Most+Beautiful+Royal+Women-https%3A%2F%2Fconsole.brax-cdn.com%2Fcreatives%2Fb86bbc0b-1fab-4ae3-9b34-fef78c1a7488%2Fcharlotte_htk_1000x600_c3a3f6f81e39d6e54b1d2d5c96643daa.png&utm_content=150013100&utm_campaign=1689304-tb
2019-06-04 11:43:29,305 INFO: Ad image: https://images.taboola.com/taboola/image/fetch/f_jpg%2Cq_auto%2Ch_312%2Cw_560%2Cc_fill%2Cg_faces:auto%2Ce_sharpen/https%3A//console.brax-cdn.com/creatives/b86bbc0b-1fab-4ae3-9b34-fef78c1a7488/charlotte_htk_1000x600_c3a3f6f81e39d6e54b1d2d5c96643daa.png
2019-06-04 11:43:29,305 INFO: Ad text: Hooch
2019-06-04 11:43:29,305 INFO: Ad title: Ivanka's day at the palace! President Trump's daughter shares a behind-the-scenes look from her royal visit (including a peek behind the gates and a snap of her 'crew')
2019-06-04 11:43:29,305 INFO: Dest link: https://www.dailymail.co.uk/femail/article-7102239/Ivanka-Trumps-Instagram-offers-scenes-look-day.html?ns_mchannel=rss&ico=taboola_feed
2019-06-04 11:43:29,305 INFO: Ad image: https://images.taboola.com/taboola/image/fetch/f_jpg%2Cq_auto%2Ch_180%2Cw_360%2Cc_fill%2Cg_faces:auto%2Ce_sharpen/https%3A//i.dailymail.co.uk/1s/2019/06/04/09/14342468-0-image-a-30_1559635709542.jpg
2019-06-04 11:43:29,307 INFO: Ad text: bonprix - it&#39;s me!
2019-06-04 11:43:29,307 INFO: Ad title: Homeowner's horror as £9,000 Porsche Boxster ploughs into terraced property demolishing its front wall and hedge 
2019-06-04 11:43:29,307 INFO: Dest link: https://www.dailymail.co.uk/news/article-7102175/Porsche-Boxster-ploughs-terraced-property-demolishing-wall-hedge.html?ns_mchannel=rss&ico=taboola_feed
2019-06-04 11:43:29,307 INFO: Ad image: https://images.taboola.com/taboola/image/fetch/f_jpg%2Cq_auto%2Ch_180%2Cw_360%2Cc_fill%2Cg_faces:auto%2Ce_sharpen/https%3A//i.dailymail.co.uk/1s/2019/06/04/09/14342176-0-image-a-19_1559635300449.jpg
2019-06-04 11:43:29,311 INFO: Ad text: bonprix - it&#39;s me!
2019-06-04 11:43:29,311 INFO: Ad title: Tory chiefs plan rule change to SLASH no-hopers from leadership race - as Jeremy Hunt wins backing from Cabinet Brexiteer Liam Fox  
2019-06-04 11:43:29,311 INFO: Dest link: https://www.dailymail.co.uk/news/article-7102279/Tory-chiefs-plan-rule-change-SLASH-no-hopers-leadership-race.html?ns_mchannel=rss&ico=taboola_feed
2019-06-04 11:43:29,312 INFO: Ad image: https://images.taboola.com/taboola/image/fetch/f_jpg%2Cq_auto%2Ch_180%2Cw_360%2Cc_fill%2Cg_faces:auto%2Ce_sharpen/https%3A//i.dailymail.co.uk/1s/2019/06/04/08/14341886-0-image-a-141_1559634993888.jpg
2019-06-04 11:43:29,313 INFO: Ad text: bonprix - it&#39;s me!
2019-06-04 11:43:29,313 INFO: Ad title: Модели до 58 размера! Бесплатная доставка по России.
2019-06-04 11:43:29,313 INFO: Dest link: https://www.bonprix.ru/kategoriya/dlya-zhenshchin-bolshie-razmery-platya/?landmark=Entry&wkz=98&iwl=291&typ=POR&anbieter=Taboola&aktion=POR_VKB&version=1264325&promo=125827196
2019-06-04 11:43:29,313 INFO: Ad image: https://images.taboola.com/taboola/image/fetch/f_jpg%2Cq_auto%2Ch_312%2Cw_560%2Cc_fill%2Cg_faces:auto%2Ce_sharpen/http%3A//cdn.taboola.com/libtrc/static/thumbnails/4d3027c34ef7640f05ee3ef34c864501.jpg
2019-06-04 11:43:29,313 INFO: Ad text: bonprix - it&#39;s me!
2019-06-04 11:43:29,314 INFO: Ad title: These Twins Were Named "Most Beautiful In The World," Wait Till You See Them Today
2019-06-04 11:43:29,314 INFO: Dest link: http://www.giveitlove.com/a-couple-gave-birth-to-beautiful-twins-see-where-they-are-now/?utm_source=tb&utm_medium=dailymail-row-tb&utm_term=These+Twins+Were+Named+%22Most+Beautiful+In+The+World%2C%22+Wait+Till+You+See+Them+Today-https%3A%2F%2Fconsole.brax-cdn.com%2Fcreatives%2Fb86bbc0b-1fab-4ae3-9b34-fef78c1a7488%2F8_twn_1000x600_76aaa63908ba913b6392e7d1fbcde1ad.png&utm_content=135194442&utm_campaign=1518829-tb
2019-06-04 11:43:29,314 INFO: Ad image: https://images.taboola.com/taboola/image/fetch/f_jpg%2Cq_auto%2Ch_312%2Cw_560%2Cc_fill%2Cg_faces:auto%2Ce_sharpen/https%3A//console.brax-cdn.com/creatives/b86bbc0b-1fab-4ae3-9b34-fef78c1a7488/8_twn_1000x600_76aaa63908ba913b6392e7d1fbcde1ad.png
2019-06-04 11:43:29,314 INFO: Ad text: Give It Love
2019-06-04 11:43:29,314 INFO: Ad title: Kim Jong-un's sister is spotted for first time since rumours of a fallout with her brother as they attend sports event – before North Korean leader blasts organisers' 'irresponsible work attitude' 
2019-06-04 11:43:29,314 INFO: Dest link: https://www.dailymail.co.uk/news/article-7102179/Kim-Jong-uns-sister-spotted-time-rumours-fallout-brother.html?ns_mchannel=rss&ico=taboola_feed
2019-06-04 11:43:29,314 INFO: Ad image: https://images.taboola.com/taboola/image/fetch/f_jpg%2Cq_auto%2Ch_180%2Cw_360%2Cc_fill%2Cg_faces:auto%2Ce_sharpen/https%3A//i.dailymail.co.uk/1s/2019/06/04/08/14340756-0-image-a-40_1559634472280.jpg
2019-06-04 11:43:29,316 INFO: Ad text: PostFun
2019-06-04 11:43:29,316 INFO: Ad title: 'Shut your mouth!' Lord Sugar explodes with fury at 'vehement anti-Semite' George Galloway - after ex-Labour MP brands him 'Hunchback of Notre Dame' over 'racist' Senegalese football team tweet
2019-06-04 11:43:29,316 INFO: Dest link: https://www.dailymail.co.uk/news/article-7102135/Lord-Sugar-explodes-fury-vehement-anti-Semite-George-Galloway.html?ns_mchannel=rss&ico=taboola_feed
2019-06-04 11:43:29,316 INFO: Ad image: https://images.taboola.com/taboola/image/fetch/f_jpg%2Cq_auto%2Ch_180%2Cw_360%2Cc_fill%2Cg_faces:auto%2Ce_sharpen/https%3A//i.dailymail.co.uk/1s/2019/06/04/08/14341522-0-image-a-8_1559634606787.jpg
2019-06-04 11:43:29,317 INFO: Ad text: PostFun
2019-06-04 11:43:29,318 INFO: Ad title: Woman who discovered the bad smell in her fridge was caused by a drip tray full of mould and putrid liquid leaves Facebook leavers shocked - with many admitting they didn't know it existed
2019-06-04 11:43:29,318 INFO: Dest link: https://www.dailymail.co.uk/femail/article-7099615/Woman-shares-photo-filthy-drip-tray-discovering-bottom-fridge.html?ns_mchannel=rss&ico=taboola_feed
2019-06-04 11:43:29,318 INFO: Ad image: https://images.taboola.com/taboola/image/fetch/f_jpg%2Cq_auto%2Ch_180%2Cw_360%2Cc_fill%2Cg_faces:auto%2Ce_sharpen/https%3A//i.dailymail.co.uk/1s/2019/06/03/17/14314494-0-image-a-51_1559580283639.jpg
2019-06-04 11:43:29,319 INFO: Ad text: PostFun
2019-06-04 11:43:29,319 INFO: Ad title: Surrogate Mom Who Gave Birth to 'Twins' Learns One Is Her
2019-06-04 11:43:29,319 INFO: Dest link: https://www.postfun.com/incredible/surrogate-mom-thinks-shes-having-twins-but-delivers-the-unthinkable/?utm_source=tb&utm_medium=dailymail-row-tb&utm_term=Surrogate+Mom+Who+Gave+Birth+to+%27Twins%27+Learns+One+Is+Her-https%3A%2F%2Fconsole.brax-cdn.com%2Fcreatives%2Fb86bbc0b-1fab-4ae3-9b34-fef78c1a7488%2F1_qew_1000x600_372ecb172fa296bb11d3f6343a3a0d5b.png&utm_content=173922361&utm_campaign=1871707-tb
2019-06-04 11:43:29,319 INFO: Ad image: https://images.taboola.com/taboola/image/fetch/f_jpg%2Cq_auto%2Ch_190%2Cw_380%2Cc_fill%2Cg_faces:auto%2Ce_sharpen/https%3A//console.brax-cdn.com/creatives/b86bbc0b-1fab-4ae3-9b34-fef78c1a7488/1_qew_1000x600_372ecb172fa296bb11d3f6343a3a0d5b.png
2019-06-04 11:43:29,319 INFO: Ad text: PostFun
2019-06-04 11:43:29,319 INFO: Ad title: Flights In Russian Federation At Ridiculously Low Prices
2019-06-04 11:43:29,319 INFO: Dest link: http://www.save70.com?utm_source=taboola_flights_1_wl_int&lpage=intww
2019-06-04 11:43:29,320 INFO: Ad image: https://images.taboola.com/taboola/image/fetch/f_jpg%2Cq_auto%2Ch_190%2Cw_380%2Cc_fill%2Cg_faces:auto%2Ce_sharpen/http%3A//cdn.taboola.com/libtrc/static/thumbnails/GETTY_IMAGES/FKF/1059950920__w5YzuVwk.jpg
2019-06-04 11:43:29,320 INFO: Ad text: Save70.com
2019-06-04 11:43:29,320 INFO: Ad title: 12 самых красивых русских девушек
2019-06-04 11:43:29,320 INFO: Dest link: http://ru.4mylikes.com/?p=85&utm_source=taboola2/boats&utm_medium=referral&utm_term=dailymail-row&utm_content=http%3A%2F%2Fcdn.taboola.com%2Flibtrc%2Fstatic%2Fthumbnails%2F35776755b530aa67da46ce9cca7bc14f.jpg &utm_term=dailymail-row
2019-06-04 11:43:29,320 INFO: Ad image: https://images.taboola.com/taboola/image/fetch/f_jpg%2Cq_auto%2Ch_190%2Cw_380%2Cc_fill%2Cg_faces:auto%2Ce_sharpen/http%3A//cdn.taboola.com/libtrc/static/thumbnails/35776755b530aa67da46ce9cca7bc14f.jpg
2019-06-04 11:43:29,321 INFO: Ad text: 4mylikes
2019-06-04 11:43:29,321 INFO: Ad title: ‘A disgrace’: Corbyn faces fury as he spearheads London protest rally against Trump despite warnings it will put vital US relations at risk 
2019-06-04 11:43:29,321 INFO: Dest link: https://www.dailymail.co.uk/news/article-7102147/Corbyn-faces-fury-spearheads-London-protest-rally-against-Trump.html?ns_mchannel=rss&ico=taboola_feed
2019-06-04 11:43:29,321 INFO: Ad image: https://images.taboola.com/taboola/image/fetch/f_jpg%2Cq_auto%2Ch_190%2Cw_380%2Cc_fill%2Cg_faces:auto%2Ce_sharpen/https%3A//i.dailymail.co.uk/1s/2019/06/04/08/14340548-0-image-a-58_1559632268550.jpg
2019-06-04 11:43:29,324 INFO: Ad text: Cool Posts
2019-06-04 11:43:29,324 INFO: Ad title: Russian beauty queen, 25, who married Malaysian king, 49, confirms she has given birth to their son with sweet snap of the baby's feet as she says life feels 'completely new'
2019-06-04 11:43:29,324 INFO: Dest link: https://www.dailymail.co.uk/news/article-7102041/Russian-beauty-queen-25-married-Malaysian-king-49-confirms-given-birth-son.html?ns_mchannel=rss&ico=taboola_feed
2019-06-04 11:43:29,324 INFO: Ad image: https://images.taboola.com/taboola/image/fetch/f_jpg%2Cq_auto%2Ch_190%2Cw_380%2Cc_fill%2Cg_faces:auto%2Ce_sharpen/https%3A//i.dailymail.co.uk/1s/2019/06/04/07/14339914-0-image-a-17_1559630533061.jpg
2019-06-04 11:43:29,328 INFO: Ad text: Cool Posts
2019-06-04 11:43:29,329 INFO: Ad title: The hard-left spoil the party: Hundreds of thousands of anti-Trump protesters gather in London to hear Jeremy Corbyn's tirade against the president
2019-06-04 11:43:29,329 INFO: Dest link: https://www.dailymail.co.uk/news/article-7102067/Hundreds-thousands-anti-Trump-protesters-gather-London.html?ns_mchannel=rss&ico=taboola_feed
2019-06-04 11:43:29,329 INFO: Ad image: https://images.taboola.com/taboola/image/fetch/f_jpg%2Cq_auto%2Ch_190%2Cw_380%2Cc_fill%2Cg_faces:auto%2Ce_sharpen/https%3A//i.dailymail.co.uk/1s/2019/06/04/07/14339924-0-image-a-4_1559630545385.jpg
2019-06-04 11:43:29,331 INFO: Ad text: Cool Posts
2019-06-04 11:43:29,331 INFO: Ad title: Mother who was jailed for fraud when her daughter was 15 admits being 'taken away' made her a better parent - and they're now closer than ever
2019-06-04 11:43:29,331 INFO: Dest link: https://www.dailymail.co.uk/femail/article-7099085/Mother-jailed-daughter-15-admits-taken-away-better-parent.html?ns_mchannel=rss&ico=taboola_feed
2019-06-04 11:43:29,331 INFO: Ad image: https://images.taboola.com/taboola/image/fetch/f_jpg%2Cq_auto%2Ch_290%2Cw_580%2Cc_fill%2Cg_faces:auto%2Ce_sharpen/https%3A//i.dailymail.co.uk/1s/2019/06/03/15/14305208-0-image-a-23_1559571066251.jpg
2019-06-04 11:43:29,333 INFO: Ad text: Cool Posts
2019-06-04 11:43:29,333 INFO: Ad title: The sibling rivalry is real! Hilarious snaps reveal the outrageous lengths people go to in order to wind up their brothers and sisters
2019-06-04 11:43:29,333 INFO: Dest link: https://www.dailymail.co.uk/femail/article-7099829/Siblings-reveal-rivalries-bizarre-things-theyve-received-other.html?ns_mchannel=rss&ico=taboola_feed
2019-06-04 11:43:29,333 INFO: Ad image: https://images.taboola.com/taboola/image/fetch/f_jpg%2Cq_auto%2Ch_290%2Cw_580%2Cc_fill%2Cg_faces:auto%2Ce_sharpen/https%3A//i.dailymail.co.uk/1s/2019/06/04/07/14339530-0-image-a-23_1559629623719.jpg
2019-06-04 11:43:29,334 INFO: Ad text: Cool Posts
2019-06-04 11:43:29,334 INFO: Ad title: Топ 10 самых опасных пород собак
2019-06-04 11:43:29,334 INFO: Dest link: http://ru.celebstube.info/2019/01/28/топ-10-самых-опасных-пород-собак/?utm_source=taboola/opasniesobaki&utm_medium=referral&utm_term=dailymail-row&utm_content=http%3A%2F%2Fcdn.taboola.com%2Flibtrc%2Fstatic%2Fthumbnails%2F98d7b46da345ea04474d3bfae363e966.jpg &utm_term=dailymail-row
2019-06-04 11:43:29,334 INFO: Ad image: https://images.taboola.com/taboola/image/fetch/f_jpg%2Cq_auto%2Ch_190%2Cw_380%2Cc_fill%2Cg_faces:auto%2Ce_sharpen/http%3A//cdn.taboola.com/libtrc/static/thumbnails/98d7b46da345ea04474d3bfae363e966.jpg
2019-06-04 11:43:29,334 INFO: Ad text: Cool Posts
2019-06-04 11:43:29,335 INFO: Ad title: Мужская ностальгия ТОП-10 крутых гаджетов СССР
2019-06-04 11:43:29,335 INFO: Dest link: http://cool.itgadget.info/?p=153&utm_source=taboola2/boats&utm_medium=referral&utm_term=dailymail-row&utm_content=http%3A%2F%2Fcdn.taboola.com%2Flibtrc%2Fstatic%2Fthumbnails%2Fe4d429f48fb9e6f6c6d741407db0af9e.jpg &utm_term=dailymail-row
2019-06-04 11:43:29,335 INFO: Ad image: https://cdn.taboola.com/libtrc/static/thumbnails/e4d429f48fb9e6f6c6d741407db0af9e.jpg
2019-06-04 11:43:29,335 INFO: Ad text: ITgadget
2019-06-04 11:43:29,335 INFO: Ad title: 10 фильмов, которые способны изменить взгляд на жизнь
2019-06-04 11:43:29,335 INFO: Dest link: http://rich-district.com/2019/05/14/10-фильмов-которые-способны-изменить-вз/?utm_source=taboola&utm_medium=referral
2019-06-04 11:43:29,335 INFO: Ad image: https://cdn.taboola.com/libtrc/static/thumbnails/c2ef238e56b00b044cafd9689a1820b3.jpg
2019-06-04 11:43:29,336 INFO: Ad text: Rich-district [16+]
2019-06-04 11:43:29,336 INFO: Ad title: Revealed: Gatwick knifeman 'was an ex-employee who wanted to cause a massacre' - as his neighbour claims he alerted police after suspect told him: 'I'm going to kill them all' 
2019-06-04 11:43:29,336 INFO: Dest link: https://www.dailymail.co.uk/news/article-7102055/Gatwick-knifeman-ex-employee-wanted-cause-massacre.html?ns_mchannel=rss&ico=taboola_feed
2019-06-04 11:43:29,336 INFO: Ad image: https://images.taboola.com/taboola/image/fetch/f_jpg%2Cq_auto%2Ch_190%2Cw_380%2Cc_fill%2Cg_faces:auto%2Ce_sharpen/https%3A//i.dailymail.co.uk/1s/2019/06/03/11/14295370-0-image-a-63_1559557022659.jpg
2019-06-04 11:43:29,337 INFO: Ad text: PastFactory
2019-06-04 11:43:29,338 INFO: Ad title: Chaos on a Qantas flight from Bali to Sydney as a woman barricades herself inside the plane's bathroom – before flight attendants tear down the door and arrest her 
2019-06-04 11:43:29,338 INFO: Dest link: https://www.dailymail.co.uk/news/article-7101473/Chaos-Qantas-flight-Bali-Sydney.html?ns_mchannel=rss&ico=taboola_feed
2019-06-04 11:43:29,338 INFO: Ad image: https://i.dailymail.co.uk/1s/2019/06/04/02/14333548-0-image-a-23_1559613036139.jpg
2019-06-04 11:43:29,339 INFO: Ad text: PastFactory
2019-06-04 11:43:29,339 INFO: Ad title: Top Trump aides and the British royals who walked them into the banquet: Kellyanne Conway arrives with The Duke of Kent, Jared Kushner enters with Princess Anne and Sarah Sanders is escorted in by Prince Michael - whose wife insulted Meghan Markle 
2019-06-04 11:43:29,339 INFO: Dest link: https://www.dailymail.co.uk/news/article-7101275/The-British-dignitaries-escorted-Trumps-administration-State-Banquet.html?ns_mchannel=rss&ico=taboola_feed
2019-06-04 11:43:29,339 INFO: Ad image: https://i.dailymail.co.uk/1s/2019/06/04/02/14333766-0-image-a-19_1559612906448.jpg
2019-06-04 11:43:29,340 INFO: Ad text: PastFactory
2019-06-04 11:43:29,340 INFO: Ad title: Man Who Escaped Alcatraz Sends FBI Letter After 55 Years Out
2019-06-04 11:43:29,340 INFO: Dest link: https://www.pastfactory.com/2018/12/04/the-gut-wrenching-mystery-behind-the-only-successful-escapees-from-alcatraz/?utm_source=tb&utm_medium=dailymail-row-tb&utm_term=Man+Who+Escaped+Alcatraz+Sends+FBI+Letter+After+55+Years+Out-https%3A%2F%2Fconsole.brax-cdn.com%2Fcreatives%2Fb86bbc0b-1fab-4ae3-9b34-fef78c1a7488%2F4_act_1000x600_fb31ac251e41c91d27833f91370462b1.png&utm_content=173918206&utm_campaign=1871704-tb
2019-06-04 11:43:29,341 INFO: Ad image: https://console.brax-cdn.com/creatives/b86bbc0b-1fab-4ae3-9b34-fef78c1a7488/4_act_1000x600_fb31ac251e41c91d27833f91370462b1.png
2019-06-04 11:43:29,341 INFO: Ad text: PastFactory
2019-06-04 11:43:29,341 INFO: Ad title: Этот 12-секундный ролик просто шедевр! Самый умный кот!
2019-06-04 11:43:29,341 INFO: Dest link: https://izrael.one/jetot-12-sekundnyj-rolik-prosto-shedevr-samyj-umnyj-kot/?utm_source=taboola&utm_medium=referral
2019-06-04 11:43:29,341 INFO: Ad image: https://izrael.one/wp-content/uploads/2018/06/1437933708_1220052471.jpg
2019-06-04 11:43:29,341 INFO: Ad text: Izrael.one [16+]
